#
# A fatal error has been detected by the Java Runtime Environment:
#
#  Internal Error (./open/src/hotspot/share/interpreter/oopMapCache.cpp:111), pid=21424, tid=24456
#  Error: ShouldNotReachHere()
#
# JRE version: Java(TM) SE Runtime Environment (15.0.2+7) (build 15.0.2+7-27)
# Java VM: Java HotSpot(TM) 64-Bit Server VM (15.0.2+7-27, mixed mode, sharing, tiered, compressed oops, g1 gc, windows-amd64)
# No core dump will be written. Minidumps are not enabled by default on client versions of Windows
#
# If you would like to submit a bug report, please visit:
#   https://bugreport.java.com/bugreport/crash.jsp
#

---------------  S U M M A R Y ------------

Command Line: -XX:+ShowCodeDetailsInExceptionMessages -agentlib:jdwp=transport=dt_socket,suspend=y,address=localhost:61310 -ea -Dfile.encoding=Cp1252 org.testng.remote.RemoteTestNG -serport 61309 -protocol json -d C:\Users\sindh\eclipse-workspace\APIFramework\test-output C:\Users\sindh\AppData\Local\Temp\testng-eclipse-280363524\testng-customsuite.xml

Host: Intel(R) Core(TM) i3-1005G1 CPU @ 1.20GHz, 4 cores, 7G,  Windows 10 , 64 bit Build 19041 (10.0.19041.662)
Time: Fri Jan 29 12:51:52 2021 India Standard Time elapsed time: 793.071831 seconds (0d 0h 13m 13s)

---------------  T H R E A D  ---------------

Current thread (0x000001c4ef83fe70):  JavaThread "JDWP Transport Listener: dt_socket" daemon [_thread_in_vm, id=24456, stack(0x0000001f4f600000,0x0000001f4f700000)] _threads_hazard_ptr=0x000001c4f09b3670

Stack: [0x0000001f4f600000,0x0000001f4f700000]
Native frames: (J=compiled Java code, j=interpreted, Vv=VM code, C=native code)
V  [jvm.dll+0x62ae9a]
V  [jvm.dll+0x7817a9]
V  [jvm.dll+0x782f03]
V  [jvm.dll+0x783517]
V  [jvm.dll+0x21628c]
V  [jvm.dll+0x2161d3]
V  [jvm.dll+0x619eea]
V  [jvm.dll+0x619ba3]
V  [jvm.dll+0x5df278]
V  [jvm.dll+0x77876f]
V  [jvm.dll+0x4f02e1]
V  [jvm.dll+0x7882b5]
V  [jvm.dll+0x4d40ea]
V  [jvm.dll+0x49526b]
C  [jdwp.dll+0x796b]


---------------  P R O C E S S  ---------------

Threads class SMR info:
_java_thread_list=0x000001c4f09b3670, length=15, elements={
0x000001c4d0ce5370, 0x000001c4eedc2200, 0x000001c4eedc2ce0, 0x000001c4eeddb2f0,
0x000001c4eeddbcb0, 0x000001c4eeddd680, 0x000001c4eedeb840, 0x000001c4eedec1f0,
0x000001c4eedecaf0, 0x000001c4ef83fe70, 0x000001c4ef8475f0, 0x000001c4ef848ef0,
0x000001c4ef85b920, 0x000001c4ef863cb0, 0x000001c4f024ddb0
}

Java Threads: ( => current thread )
  0x000001c4d0ce5370 JavaThread "main" [_thread_blocked, id=16432, stack(0x0000001f4e700000,0x0000001f4e800000)]
  0x000001c4eedc2200 JavaThread "Reference Handler" daemon [_thread_blocked, id=22988, stack(0x0000001f4ee00000,0x0000001f4ef00000)]
  0x000001c4eedc2ce0 JavaThread "Finalizer" daemon [_thread_blocked, id=13940, stack(0x0000001f4ef00000,0x0000001f4f000000)]
  0x000001c4eeddb2f0 JavaThread "Signal Dispatcher" daemon [_thread_blocked, id=5100, stack(0x0000001f4f000000,0x0000001f4f100000)]
  0x000001c4eeddbcb0 JavaThread "Attach Listener" daemon [_thread_blocked, id=13308, stack(0x0000001f4f100000,0x0000001f4f200000)]
  0x000001c4eeddd680 JavaThread "Service Thread" daemon [_thread_blocked, id=26244, stack(0x0000001f4f200000,0x0000001f4f300000)]
  0x000001c4eedeb840 JavaThread "C2 CompilerThread0" daemon [_thread_blocked, id=32, stack(0x0000001f4f300000,0x0000001f4f400000)]
  0x000001c4eedec1f0 JavaThread "C1 CompilerThread0" daemon [_thread_blocked, id=10288, stack(0x0000001f4f400000,0x0000001f4f500000)]
  0x000001c4eedecaf0 JavaThread "Sweeper thread" daemon [_thread_blocked, id=24180, stack(0x0000001f4f500000,0x0000001f4f600000)]
=>0x000001c4ef83fe70 JavaThread "JDWP Transport Listener: dt_socket" daemon [_thread_in_vm, id=24456, stack(0x0000001f4f600000,0x0000001f4f700000)] _threads_hazard_ptr=0x000001c4f09b3670
  0x000001c4ef8475f0 JavaThread "JDWP Event Helper Thread" daemon [_thread_blocked, id=1388, stack(0x0000001f4f700000,0x0000001f4f800000)]
  0x000001c4ef848ef0 JavaThread "JDWP Command Reader" daemon [_thread_in_native, id=11688, stack(0x0000001f4f800000,0x0000001f4f900000)]
  0x000001c4ef85b920 JavaThread "Notification Thread" daemon [_thread_blocked, id=6980, stack(0x0000001f4f900000,0x0000001f4fa00000)]
  0x000001c4ef863cb0 JavaThread "Common-Cleaner" daemon [_thread_blocked, id=20628, stack(0x0000001f4fb00000,0x0000001f4fc00000)]
  0x000001c4f024ddb0 JavaThread "ReaderThread" [_thread_in_native, id=4156, stack(0x0000001f4fe00000,0x0000001f4ff00000)]

Other Threads:
  0x000001c4eedb9a30 VMThread "VM Thread" [stack: 0x0000001f4ed00000,0x0000001f4ee00000] [id=11640]
  0x000001c4ef861d60 WatcherThread [stack: 0x0000001f4fa00000,0x0000001f4fb00000] [id=6072]
  0x000001c4d0d25d80 GCTaskThread "GC Thread#0" [stack: 0x0000001f4e800000,0x0000001f4e900000] [id=16572]
  0x000001c4efee3630 GCTaskThread "GC Thread#1" [stack: 0x0000001f4ff00000,0x0000001f50000000] [id=24648]
  0x000001c4efee4950 GCTaskThread "GC Thread#2" [stack: 0x0000001f50000000,0x0000001f50100000] [id=19560]
  0x000001c4efee2640 GCTaskThread "GC Thread#3" [stack: 0x0000001f50100000,0x0000001f50200000] [id=25192]
  0x000001c4d0d367e0 ConcurrentGCThread "G1 Main Marker" [stack: 0x0000001f4e900000,0x0000001f4ea00000] [id=12724]
  0x000001c4d0d37b00 ConcurrentGCThread "G1 Conc#0" [stack: 0x0000001f4ea00000,0x0000001f4eb00000] [id=21100]
  0x000001c4d0db1f80 ConcurrentGCThread "G1 Refine#0" [stack: 0x0000001f4eb00000,0x0000001f4ec00000] [id=22892]
  0x000001c4f2737d00 ConcurrentGCThread "G1 Refine#1" [stack: 0x0000001f50200000,0x0000001f50300000] [id=21336]
  0x000001c4d0db4950 ConcurrentGCThread "G1 Young RemSet Sampling" [stack: 0x0000001f4ec00000,0x0000001f4ed00000] [id=9400]

Threads with active compile tasks:

VM state: not at safepoint (normal execution)

VM Mutex/Monitor currently owned by a thread: None

Heap address: 0x0000000083c00000, size: 1988 MB, Compressed Oops mode: 32-bit
CDS archive(s) mapped at: [0x0000000800000000-0x0000000800b50000-0x0000000800b50000), size 11862016, SharedBaseAddress: 0x0000000800000000, ArchiveRelocationMode: 0.
Compressed class space mapped at: 0x0000000800b50000-0x0000000840b50000, size: 1073741824
Narrow klass base: 0x0000000800000000, Narrow klass shift: 3, Narrow klass range: 0x100000000

GC Precious Log:
 CPUs: 4 total, 4 available
 Memory: 7946M
 Large Page Support: Disabled
 NUMA Support: Disabled
 Compressed Oops: Enabled (32-bit)
 Heap Region Size: 1M
 Heap Min Capacity: 8M
 Heap Initial Capacity: 126M
 Heap Max Capacity: 1988M
 Pre-touch: Disabled
 Parallel Workers: 4
 Concurrent Workers: 1
 Concurrent Refinement Workers: 4
 Periodic GC: Disabled

Heap:
 garbage-first heap   total 65536K, used 49656K [0x0000000083c00000, 0x0000000100000000)
  region size 1024K, 36 young (36864K), 4 survivors (4096K)
 Metaspace       used 27990K, capacity 28816K, committed 28924K, reserved 1075200K
  class space    used 3169K, capacity 3559K, committed 3584K, reserved 1048576K

Heap Regions: E=young(eden), S=young(survivor), O=old, HS=humongous(starts), HC=humongous(continues), CS=collection set, F=free, OA=open archive, CA=closed archive, TAMS=top-at-mark-start (previous, next)
|   0|0x0000000083c00000, 0x0000000083d00000, 0x0000000083d00000|100%| O|  |TAMS 0x0000000083d00000, 0x0000000083c00000| Untracked 
|   1|0x0000000083d00000, 0x0000000083e00000, 0x0000000083e00000|100%| O|  |TAMS 0x0000000083e00000, 0x0000000083d00000| Untracked 
|   2|0x0000000083e00000, 0x0000000083f00000, 0x0000000083f00000|100%| O|  |TAMS 0x0000000083f00000, 0x0000000083e00000| Untracked 
|   3|0x0000000083f00000, 0x0000000084000000, 0x0000000084000000|100%| O|  |TAMS 0x0000000084000000, 0x0000000083f00000| Untracked 
|   4|0x0000000084000000, 0x0000000084100000, 0x0000000084100000|100%| O|  |TAMS 0x0000000084100000, 0x0000000084000000| Untracked 
|   5|0x0000000084100000, 0x0000000084200000, 0x0000000084200000|100%| O|  |TAMS 0x0000000084100000, 0x0000000084100000| Untracked 
|   6|0x0000000084200000, 0x0000000084300000, 0x0000000084300000|100%| O|  |TAMS 0x0000000084200000, 0x0000000084200000| Untracked 
|   7|0x0000000084300000, 0x0000000084400000, 0x0000000084400000|100%| O|  |TAMS 0x0000000084300000, 0x0000000084300000| Untracked 
|   8|0x0000000084400000, 0x0000000084500000, 0x0000000084500000|100%| O|  |TAMS 0x0000000084474600, 0x0000000084400000| Untracked 
|   9|0x0000000084500000, 0x0000000084600000, 0x0000000084600000|100%| O|  |TAMS 0x0000000084500000, 0x0000000084500000| Untracked 
|  10|0x0000000084600000, 0x0000000084700000, 0x0000000084700000|100%| O|  |TAMS 0x0000000084600000, 0x0000000084600000| Untracked 
|  11|0x0000000084700000, 0x0000000084800000, 0x0000000084800000|100%| O|  |TAMS 0x0000000084700000, 0x0000000084700000| Untracked 
|  12|0x0000000084800000, 0x0000000084900000, 0x0000000084900000|100%| O|  |TAMS 0x0000000084800000, 0x0000000084800000| Untracked 
|  13|0x0000000084900000, 0x0000000084982400, 0x0000000084a00000| 50%| O|  |TAMS 0x0000000084900000, 0x0000000084900000| Untracked 
|  14|0x0000000084a00000, 0x0000000084a00000, 0x0000000084b00000|  0%| F|  |TAMS 0x0000000084a00000, 0x0000000084a00000| Untracked 
|  15|0x0000000084b00000, 0x0000000084b00000, 0x0000000084c00000|  0%| F|  |TAMS 0x0000000084b00000, 0x0000000084b00000| Untracked 
|  16|0x0000000084c00000, 0x0000000084c00000, 0x0000000084d00000|  0%| F|  |TAMS 0x0000000084c00000, 0x0000000084c00000| Untracked 
|  17|0x0000000084d00000, 0x0000000084d00000, 0x0000000084e00000|  0%| F|  |TAMS 0x0000000084d00000, 0x0000000084d00000| Untracked 
|  18|0x0000000084e00000, 0x0000000084e00000, 0x0000000084f00000|  0%| F|  |TAMS 0x0000000084e00000, 0x0000000084e00000| Untracked 
|  19|0x0000000084f00000, 0x0000000084f00000, 0x0000000085000000|  0%| F|  |TAMS 0x0000000084f00000, 0x0000000084f00000| Untracked 
|  20|0x0000000085000000, 0x0000000085000000, 0x0000000085100000|  0%| F|  |TAMS 0x0000000085000000, 0x0000000085000000| Untracked 
|  21|0x0000000085100000, 0x0000000085100000, 0x0000000085200000|  0%| F|  |TAMS 0x0000000085100000, 0x0000000085100000| Untracked 
|  22|0x0000000085200000, 0x0000000085200000, 0x0000000085300000|  0%| F|  |TAMS 0x0000000085200000, 0x0000000085200000| Untracked 
|  23|0x0000000085300000, 0x0000000085300000, 0x0000000085400000|  0%| F|  |TAMS 0x0000000085300000, 0x0000000085300000| Untracked 
|  24|0x0000000085400000, 0x0000000085400000, 0x0000000085500000|  0%| F|  |TAMS 0x0000000085400000, 0x0000000085400000| Untracked 
|  25|0x0000000085500000, 0x0000000085500000, 0x0000000085600000|  0%| F|  |TAMS 0x0000000085500000, 0x0000000085500000| Untracked 
|  26|0x0000000085600000, 0x0000000085600000, 0x0000000085700000|  0%| F|  |TAMS 0x0000000085600000, 0x0000000085600000| Untracked 
|  27|0x0000000085700000, 0x0000000085700000, 0x0000000085800000|  0%| F|  |TAMS 0x0000000085700000, 0x0000000085700000| Untracked 
|  28|0x0000000085800000, 0x0000000085880800, 0x0000000085900000| 50%| E|  |TAMS 0x0000000085800000, 0x0000000085800000| Complete 
|  29|0x0000000085900000, 0x0000000085a00000, 0x0000000085a00000|100%| E|CS|TAMS 0x0000000085900000, 0x0000000085900000| Complete 
|  30|0x0000000085a00000, 0x0000000085b00000, 0x0000000085b00000|100%| E|CS|TAMS 0x0000000085a00000, 0x0000000085a00000| Complete 
|  31|0x0000000085b00000, 0x0000000085c00000, 0x0000000085c00000|100%| E|CS|TAMS 0x0000000085b00000, 0x0000000085b00000| Complete 
|  32|0x0000000085c00000, 0x0000000085d00000, 0x0000000085d00000|100%| E|CS|TAMS 0x0000000085c00000, 0x0000000085c00000| Complete 
|  33|0x0000000085d00000, 0x0000000085e00000, 0x0000000085e00000|100%| E|CS|TAMS 0x0000000085d00000, 0x0000000085d00000| Complete 
|  34|0x0000000085e00000, 0x0000000085f00000, 0x0000000085f00000|100%| E|CS|TAMS 0x0000000085e00000, 0x0000000085e00000| Complete 
|  35|0x0000000085f00000, 0x0000000086000000, 0x0000000086000000|100%| E|CS|TAMS 0x0000000085f00000, 0x0000000085f00000| Complete 
|  36|0x0000000086000000, 0x0000000086100000, 0x0000000086100000|100%| E|CS|TAMS 0x0000000086000000, 0x0000000086000000| Complete 
|  37|0x0000000086100000, 0x0000000086200000, 0x0000000086200000|100%| E|CS|TAMS 0x0000000086100000, 0x0000000086100000| Complete 
|  38|0x0000000086200000, 0x0000000086300000, 0x0000000086300000|100%| E|CS|TAMS 0x0000000086200000, 0x0000000086200000| Complete 
|  39|0x0000000086300000, 0x0000000086400000, 0x0000000086400000|100%| E|CS|TAMS 0x0000000086300000, 0x0000000086300000| Complete 
|  40|0x0000000086400000, 0x0000000086500000, 0x0000000086500000|100%| E|CS|TAMS 0x0000000086400000, 0x0000000086400000| Complete 
|  41|0x0000000086500000, 0x0000000086600000, 0x0000000086600000|100%| E|CS|TAMS 0x0000000086500000, 0x0000000086500000| Complete 
|  42|0x0000000086600000, 0x0000000086700000, 0x0000000086700000|100%| E|CS|TAMS 0x0000000086600000, 0x0000000086600000| Complete 
|  43|0x0000000086700000, 0x0000000086800000, 0x0000000086800000|100%| E|CS|TAMS 0x0000000086700000, 0x0000000086700000| Complete 
|  44|0x0000000086800000, 0x0000000086900000, 0x0000000086900000|100%| E|CS|TAMS 0x0000000086800000, 0x0000000086800000| Complete 
|  45|0x0000000086900000, 0x0000000086a00000, 0x0000000086a00000|100%| E|CS|TAMS 0x0000000086900000, 0x0000000086900000| Complete 
|  46|0x0000000086a00000, 0x0000000086b00000, 0x0000000086b00000|100%| E|CS|TAMS 0x0000000086a00000, 0x0000000086a00000| Complete 
|  47|0x0000000086b00000, 0x0000000086c00000, 0x0000000086c00000|100%| E|CS|TAMS 0x0000000086b00000, 0x0000000086b00000| Complete 
|  48|0x0000000086c00000, 0x0000000086d00000, 0x0000000086d00000|100%| E|CS|TAMS 0x0000000086c00000, 0x0000000086c00000| Complete 
|  49|0x0000000086d00000, 0x0000000086e00000, 0x0000000086e00000|100%| E|CS|TAMS 0x0000000086d00000, 0x0000000086d00000| Complete 
|  50|0x0000000086e00000, 0x0000000086f00000, 0x0000000086f00000|100%| E|CS|TAMS 0x0000000086e00000, 0x0000000086e00000| Complete 
|  51|0x0000000086f00000, 0x0000000087000000, 0x0000000087000000|100%| E|CS|TAMS 0x0000000086f00000, 0x0000000086f00000| Complete 
|  52|0x0000000087000000, 0x0000000087100000, 0x0000000087100000|100%| E|CS|TAMS 0x0000000087000000, 0x0000000087000000| Complete 
|  53|0x0000000087100000, 0x0000000087200000, 0x0000000087200000|100%| E|CS|TAMS 0x0000000087100000, 0x0000000087100000| Complete 
|  54|0x0000000087200000, 0x0000000087300000, 0x0000000087300000|100%| E|CS|TAMS 0x0000000087200000, 0x0000000087200000| Complete 
|  55|0x0000000087300000, 0x0000000087400000, 0x0000000087400000|100%| E|CS|TAMS 0x0000000087300000, 0x0000000087300000| Complete 
|  56|0x0000000087400000, 0x0000000087500000, 0x0000000087500000|100%| E|CS|TAMS 0x0000000087400000, 0x0000000087400000| Complete 
|  57|0x0000000087500000, 0x0000000087600000, 0x0000000087600000|100%| E|CS|TAMS 0x0000000087500000, 0x0000000087500000| Complete 
|  58|0x0000000087600000, 0x0000000087700000, 0x0000000087700000|100%| E|CS|TAMS 0x0000000087600000, 0x0000000087600000| Complete 
|  98|0x0000000089e00000, 0x0000000089efbec8, 0x0000000089f00000| 98%| S|CS|TAMS 0x0000000089e00000, 0x0000000089e00000| Complete 
|  99|0x0000000089f00000, 0x000000008a000000, 0x000000008a000000|100%| S|CS|TAMS 0x0000000089f00000, 0x0000000089f00000| Complete 
| 100|0x000000008a000000, 0x000000008a100000, 0x000000008a100000|100%| S|CS|TAMS 0x000000008a000000, 0x000000008a000000| Complete 
| 101|0x000000008a100000, 0x000000008a200000, 0x000000008a200000|100%| S|CS|TAMS 0x000000008a100000, 0x000000008a100000| Complete 
| 125|0x000000008b900000, 0x000000008ba00000, 0x000000008ba00000|100%| E|CS|TAMS 0x000000008b900000, 0x000000008b900000| Complete 

Card table byte_map: [0x000001c4e8310000,0x000001c4e8700000] _byte_map_base: 0x000001c4e7ef2000

Marking Bits (Prev, Next): (CMBitMap*) 0x000001c4d0d26540, (CMBitMap*) 0x000001c4d0d26500
 Prev Bits: [0x000001c4eaa00000, 0x000001c4ec910000)
 Next Bits: [0x000001c4e8af0000, 0x000001c4eaa00000)

Polling page: 0x000001c4cec90000

Metaspace:

Usage:
  Non-class:     24.67 MB capacity,    24.24 MB ( 98%) used,   396.52 KB (  2%) free+waste,    39.19 KB ( <1%) overhead. 
      Class:      3.48 MB capacity,     3.09 MB ( 89%) used,   369.47 KB ( 10%) free+waste,    20.44 KB ( <1%) overhead. 
       Both:     28.14 MB capacity,    27.33 MB ( 97%) used,   765.99 KB (  3%) free+waste,    59.62 KB ( <1%) overhead. 

Virtual space:
  Non-class space:       26.00 MB reserved,      24.75 MB ( 95%) committed 
      Class space:        1.00 GB reserved,       3.50 MB ( <1%) committed 
             Both:        1.03 GB reserved,      28.25 MB (  3%) committed 

Chunk freelists:
   Non-Class:  19.00 KB
       Class:  25.00 KB
        Both:  44.00 KB

MaxMetaspaceSize: 17179869184.00 GB
CompressedClassSpaceSize: 1.00 GB

CodeHeap 'non-profiled nmethods': size=120000Kb used=1914Kb max_used=1914Kb free=118085Kb
 bounds [0x000001c4e09f0000, 0x000001c4e0c60000, 0x000001c4e7f20000]
CodeHeap 'profiled nmethods': size=120000Kb used=7039Kb max_used=7039Kb free=112961Kb
 bounds [0x000001c4d94c0000, 0x000001c4d9ba0000, 0x000001c4e09f0000]
CodeHeap 'non-nmethods': size=5760Kb used=2413Kb max_used=2494Kb free=3346Kb
 bounds [0x000001c4d8f20000, 0x000001c4d91a0000, 0x000001c4d94c0000]
 total_blobs=4286 nmethods=3501 adapters=696
 compilation: enabled
              stopped_count=0, restarted_count=0
 full_count=0

Compilation events (20 events):
Event: 6.742 Thread 0x000001c4eedec1f0 nmethod 3498 0x000001c4d9b9c190 code [0x000001c4d9b9c3a0, 0x000001c4d9b9c9c8]
Event: 6.742 Thread 0x000001c4eedec1f0 3499       3       java.io.BufferedWriter::min (9 bytes)
Event: 6.742 Thread 0x000001c4eedec1f0 nmethod 3499 0x000001c4d9b9cd90 code [0x000001c4d9b9cf20, 0x000001c4d9b9d078]
Event: 6.742 Thread 0x000001c4eedec1f0 3500       1       org.testng.shaded.com.google.gson.reflect.TypeToken::getType (5 bytes)
Event: 6.742 Thread 0x000001c4eedec1f0 nmethod 3500 0x000001c4e0bcd890 code [0x000001c4e0bcda20, 0x000001c4e0bcdad8]
Event: 6.743 Thread 0x000001c4eedec1f0 3501       3       org.testng.collections.Lists::newArrayList (8 bytes)
Event: 6.743 Thread 0x000001c4eedec1f0 nmethod 3501 0x000001c4d9b9d110 code [0x000001c4d9b9d2c0, 0x000001c4d9b9d5d8]
Event: 6.743 Thread 0x000001c4eedec1f0 3503       3       java.util.regex.Pattern$SliceNode::<init> (10 bytes)
Event: 6.744 Thread 0x000001c4eedec1f0 nmethod 3503 0x000001c4d9b9d710 code [0x000001c4d9b9d8c0, 0x000001c4d9b9db38]
Event: 6.744 Thread 0x000001c4eedec1f0 3504       3       java.lang.System::getProperty (25 bytes)
Event: 6.744 Thread 0x000001c4eedec1f0 nmethod 3504 0x000001c4d9b9dc10 code [0x000001c4d9b9de40, 0x000001c4d9b9e558]
Event: 6.744 Thread 0x000001c4eedeb840 nmethod 3489 0x000001c4e0bcdb90 code [0x000001c4e0bcdd40, 0x000001c4e0bce018]
Event: 6.744 Thread 0x000001c4eedec1f0 3505       3       org.testng.shaded.com.google.gson.internal.Excluder::isAnonymousOrLocal (29 bytes)
Event: 6.744 Thread 0x000001c4eedeb840 3502       4       java.util.regex.Pattern::has (15 bytes)
Event: 6.745 Thread 0x000001c4eedeb840 nmethod 3502 0x000001c4e0bce310 code [0x000001c4e0bce480, 0x000001c4e0bce4f8]
Event: 6.745 Thread 0x000001c4eedec1f0 nmethod 3505 0x000001c4d9b9e810 code [0x000001c4d9b9ea60, 0x000001c4d9b9f268]
Event: 6.745 Thread 0x000001c4eedec1f0 3506       3       java.lang.Class::isAnonymousClass (27 bytes)
Event: 6.746 Thread 0x000001c4eedec1f0 nmethod 3506 0x000001c4d9b9f510 code [0x000001c4d9b9f700, 0x000001c4d9b9fa98]
Event: 6.746 Thread 0x000001c4eedec1f0 3507       1       java.util.Collections$SingletonList::size (2 bytes)
Event: 6.746 Thread 0x000001c4eedec1f0 nmethod 3507 0x000001c4e0bce610 code [0x000001c4e0bce7a0, 0x000001c4e0bce858]

GC Heap History (10 events):
Event: 0.674 GC heap before
{Heap before GC invocations=0 (full 0):
 garbage-first heap   total 129024K, used 12288K [0x0000000083c00000, 0x0000000100000000)
  region size 1024K, 13 young (13312K), 0 survivors (0K)
 Metaspace       used 2829K, capacity 5370K, committed 5376K, reserved 1056768K
  class space    used 294K, capacity 510K, committed 512K, reserved 1048576K
}
Event: 0.678 GC heap after
{Heap after GC invocations=1 (full 0):
 garbage-first heap   total 129024K, used 3535K [0x0000000083c00000, 0x0000000100000000)
  region size 1024K, 2 young (2048K), 2 survivors (2048K)
 Metaspace       used 2829K, capacity 5370K, committed 5376K, reserved 1056768K
  class space    used 294K, capacity 510K, committed 512K, reserved 1048576K
}
Event: 1.190 GC heap before
{Heap before GC invocations=1 (full 0):
 garbage-first heap   total 129024K, used 16847K [0x0000000083c00000, 0x0000000100000000)
  region size 1024K, 15 young (15360K), 2 survivors (2048K)
 Metaspace       used 7747K, capacity 7982K, committed 8064K, reserved 1056768K
  class space    used 823K, capacity 893K, committed 896K, reserved 1048576K
}
Event: 1.193 GC heap after
{Heap after GC invocations=2 (full 0):
 garbage-first heap   total 129024K, used 4570K [0x0000000083c00000, 0x0000000100000000)
  region size 1024K, 1 young (1024K), 1 survivors (1024K)
 Metaspace       used 7747K, capacity 7982K, committed 8064K, reserved 1056768K
  class space    used 823K, capacity 893K, committed 896K, reserved 1048576K
}
Event: 1.652 GC heap before
{Heap before GC invocations=2 (full 0):
 garbage-first heap   total 129024K, used 27098K [0x0000000083c00000, 0x0000000100000000)
  region size 1024K, 24 young (24576K), 1 survivors (1024K)
 Metaspace       used 11137K, capacity 11349K, committed 11520K, reserved 1058816K
  class space    used 1191K, capacity 1265K, committed 1280K, reserved 1048576K
}
Event: 1.656 GC heap after
{Heap after GC invocations=3 (full 0):
 garbage-first heap   total 129024K, used 7655K [0x0000000083c00000, 0x0000000100000000)
  region size 1024K, 3 young (3072K), 3 survivors (3072K)
 Metaspace       used 11137K, capacity 11349K, committed 11520K, reserved 1058816K
  class space    used 1191K, capacity 1265K, committed 1280K, reserved 1048576K
}
Event: 2.710 GC heap before
{Heap before GC invocations=3 (full 0):
 garbage-first heap   total 129024K, used 67047K [0x0000000083c00000, 0x0000000100000000)
  region size 1024K, 59 young (60416K), 3 survivors (3072K)
 Metaspace       used 16390K, capacity 16981K, committed 17152K, reserved 1064960K
  class space    used 1767K, capacity 2021K, committed 2048K, reserved 1048576K
}
Event: 2.719 GC heap after
{Heap after GC invocations=4 (full 0):
 garbage-first heap   total 129024K, used 13777K [0x0000000083c00000, 0x0000000100000000)
  region size 1024K, 8 young (8192K), 8 survivors (8192K)
 Metaspace       used 16390K, capacity 16981K, committed 17152K, reserved 1064960K
  class space    used 1767K, capacity 2021K, committed 2048K, reserved 1048576K
}
Event: 3.341 GC heap before
{Heap before GC invocations=4 (full 0):
 garbage-first heap   total 129024K, used 37329K [0x0000000083c00000, 0x0000000100000000)
  region size 1024K, 32 young (32768K), 8 survivors (8192K)
 Metaspace       used 20276K, capacity 21005K, committed 21248K, reserved 1069056K
  class space    used 2248K, capacity 2554K, committed 2560K, reserved 1048576K
}
Event: 3.371 GC heap after
{Heap after GC invocations=5 (full 0):
 garbage-first heap   total 129024K, used 17912K [0x0000000083c00000, 0x0000000100000000)
  region size 1024K, 4 young (4096K), 4 survivors (4096K)
 Metaspace       used 20276K, capacity 21005K, committed 21248K, reserved 1069056K
  class space    used 2248K, capacity 2554K, committed 2560K, reserved 1048576K
}

Deoptimization events (20 events):
Event: 5.643 Thread 0x000001c4d0ce5370 DEOPT PACKING pc=0x000001c4d9a70594 sp=0x0000001f4e7f7ed0
Event: 5.643 Thread 0x000001c4d0ce5370 DEOPT UNPACKING pc=0x000001c4d8f6f6cf sp=0x0000001f4e7f7388 mode 0
Event: 5.794 Thread 0x000001c4d0ce5370 Uncommon trap: trap_request=0xffffff45 fr.pc=0x000001c4e0a7bc3c relative=0x000000000000019c
Event: 5.794 Thread 0x000001c4d0ce5370 Uncommon trap: reason=unstable_if action=reinterpret pc=0x000001c4e0a7bc3c method=java.nio.Buffer.<init>(IIIILjdk/internal/access/foreign/MemorySegmentProxy;)V @ 50 c2
Event: 5.794 Thread 0x000001c4d0ce5370 DEOPT PACKING pc=0x000001c4e0a7bc3c sp=0x0000001f4e7f8200
Event: 5.794 Thread 0x000001c4d0ce5370 DEOPT UNPACKING pc=0x000001c4d8f2852f sp=0x0000001f4e7f81a0 mode 2
Event: 5.799 Thread 0x000001c4d0ce5370 DEOPT PACKING pc=0x000001c4d9a70594 sp=0x0000001f4e7f7580
Event: 5.799 Thread 0x000001c4d0ce5370 DEOPT UNPACKING pc=0x000001c4d8f6f6cf sp=0x0000001f4e7f6a38 mode 0
Event: 6.716 Thread 0x000001c4d0ce5370 DEOPT PACKING pc=0x000001c4d9a8257f sp=0x0000001f4e7f7b50
Event: 6.716 Thread 0x000001c4d0ce5370 DEOPT UNPACKING pc=0x000001c4d8f6f6cf sp=0x0000001f4e7f6f90 mode 0
Event: 6.720 Thread 0x000001c4d0ce5370 DEOPT PACKING pc=0x000001c4d9a8257f sp=0x0000001f4e7f6610
Event: 6.720 Thread 0x000001c4d0ce5370 DEOPT UNPACKING pc=0x000001c4d8f6f6cf sp=0x0000001f4e7f5a50 mode 0
Event: 6.740 Thread 0x000001c4d0ce5370 DEOPT PACKING pc=0x000001c4d99eebcc sp=0x0000001f4e7fdcc0
Event: 6.740 Thread 0x000001c4d0ce5370 DEOPT UNPACKING pc=0x000001c4d8f6f6cf sp=0x0000001f4e7fd208 mode 1
Event: 6.743 Thread 0x000001c4d0ce5370 Uncommon trap: trap_request=0xffffff45 fr.pc=0x000001c4e0bb5c9c relative=0x000000000000007c
Event: 6.743 Thread 0x000001c4d0ce5370 Uncommon trap: reason=unstable_if action=reinterpret pc=0x000001c4e0bb5c9c method=java.util.Spliterator.getExactSizeIfKnown()J @ 9 c2
Event: 6.743 Thread 0x000001c4d0ce5370 DEOPT PACKING pc=0x000001c4e0bb5c9c sp=0x0000001f4e7fe020
Event: 6.743 Thread 0x000001c4d0ce5370 DEOPT UNPACKING pc=0x000001c4d8f2852f sp=0x0000001f4e7fdfb8 mode 2
Event: 6.744 Thread 0x000001c4d0ce5370 DEOPT PACKING pc=0x000001c4d99eebcc sp=0x0000001f4e7fdcb0
Event: 6.744 Thread 0x000001c4d0ce5370 DEOPT UNPACKING pc=0x000001c4d8f6f6cf sp=0x0000001f4e7fd1f8 mode 1

Classes unloaded (0 events):
No events

Classes redefined (6 events):
Event: 130.199 Thread 0x000001c4eedb9a30 redefined class name=Tests.FirstTest, count=1
Event: 431.229 Thread 0x000001c4eedb9a30 redefined class name=Tests.FirstTest, count=2
Event: 450.353 Thread 0x000001c4eedb9a30 redefined class name=apiEngine.Endpoints, count=1
Event: 483.290 Thread 0x000001c4eedb9a30 redefined class name=apiEngine.Endpoints, count=2
Event: 737.028 Thread 0x000001c4eedb9a30 redefined class name=apiEngine.Endpoints, count=3
Event: 793.003 Thread 0x000001c4eedb9a30 redefined class name=Tests.FirstTest, count=3

Internal exceptions (20 events):
Event: 5.204 Thread 0x000001c4d0ce5370 Exception <a 'java/lang/ClassNotFoundException'{0x0000000086b15020}: io/restassured/internal/http/CharsetExtractorBeanInfo> (0x0000000086b15020) 
thrown [./open/src/hotspot/share/classfile/systemDictionary.cpp, line 295]
Event: 5.205 Thread 0x000001c4d0ce5370 Exception <a 'java/lang/ClassNotFoundException'{0x0000000086b187b8}: io/restassured/internal/http/CharsetExtractorCustomizer> (0x0000000086b187b8) 
thrown [./open/src/hotspot/share/classfile/systemDictionary.cpp, line 295]
Event: 5.209 Thread 0x000001c4d0ce5370 Exception <a 'java/lang/ClassNotFoundException'{0x0000000086b3d598}: io/restassured/internal/http/ContentTypeSubTypeExtractorBeanInfo> (0x0000000086b3d598) 
thrown [./open/src/hotspot/share/classfile/systemDictionary.cpp, line 295]
Event: 5.209 Thread 0x000001c4d0ce5370 Exception <a 'java/lang/ClassNotFoundException'{0x0000000086b40ef0}: io/restassured/internal/http/ContentTypeSubTypeExtractorCustomizer> (0x0000000086b40ef0) 
thrown [./open/src/hotspot/share/classfile/systemDictionary.cpp, line 295]
Event: 5.220 Thread 0x000001c4d0ce5370 Exception <a 'java/lang/ClassNotFoundException'{0x0000000086ba6898}: java/io/ByteArrayOutputStreamBeanInfo> (0x0000000086ba6898) 
thrown [./open/src/hotspot/share/classfile/systemDictionary.cpp, line 295]
Event: 5.221 Thread 0x000001c4d0ce5370 Exception <a 'java/lang/ClassNotFoundException'{0x0000000086ba7b10}: java/io/OutputStreamBeanInfo> (0x0000000086ba7b10) 
thrown [./open/src/hotspot/share/classfile/systemDictionary.cpp, line 295]
Event: 5.221 Thread 0x000001c4d0ce5370 Exception <a 'java/lang/ClassNotFoundException'{0x0000000086ba8d50}: java/io/OutputStreamCustomizer> (0x0000000086ba8d50) 
thrown [./open/src/hotspot/share/classfile/systemDictionary.cpp, line 295]
Event: 5.221 Thread 0x000001c4d0ce5370 Exception <a 'java/lang/ClassNotFoundException'{0x0000000086badc50}: java/io/ByteArrayOutputStreamCustomizer> (0x0000000086badc50) 
thrown [./open/src/hotspot/share/classfile/systemDictionary.cpp, line 295]
Event: 5.222 Thread 0x000001c4d0ce5370 Exception <a 'java/lang/ClassNotFoundException'{0x0000000086bbad98}: groovy/runtime/metaclass/[BMetaClass> (0x0000000086bbad98) 
thrown [./open/src/hotspot/share/prims/jni.cpp, line 599]
Event: 5.222 Thread 0x000001c4d0ce5370 Exception <a 'java/lang/ClassNotFoundException'{0x0000000086bbee78}: [BBeanInfo> (0x0000000086bbee78) 
thrown [./open/src/hotspot/share/prims/jni.cpp, line 599]
Event: 5.222 Thread 0x000001c4d0ce5370 Exception <a 'java/lang/ClassNotFoundException'{0x0000000086bbf6d0}: [BBeanInfo> (0x0000000086bbf6d0) 
thrown [./open/src/hotspot/share/prims/jni.cpp, line 599]
Event: 5.222 Thread 0x000001c4d0ce5370 Exception <a 'java/lang/ClassNotFoundException'{0x0000000086bbffa0}: [BCustomizer> (0x0000000086bbffa0) 
thrown [./open/src/hotspot/share/prims/jni.cpp, line 599]
Event: 5.222 Thread 0x000001c4d0ce5370 Exception <a 'java/lang/ClassNotFoundException'{0x0000000086bc07f8}: [BCustomizer> (0x0000000086bc07f8) 
thrown [./open/src/hotspot/share/prims/jni.cpp, line 599]
Event: 5.224 Thread 0x000001c4d0ce5370 Exception <a 'java/lang/ClassNotFoundException'{0x0000000086bd29b0}: org/apache/http/conn/EofSensorInputStreamBeanInfo> (0x0000000086bd29b0) 
thrown [./open/src/hotspot/share/classfile/systemDictionary.cpp, line 295]
Event: 5.224 Thread 0x000001c4d0ce5370 Exception <a 'java/lang/ClassNotFoundException'{0x0000000086bd3c28}: java/io/InputStreamBeanInfo> (0x0000000086bd3c28) 
thrown [./open/src/hotspot/share/classfile/systemDictionary.cpp, line 295]
Event: 5.225 Thread 0x000001c4d0ce5370 Exception <a 'java/lang/ClassNotFoundException'{0x0000000086bd4e68}: java/io/InputStreamCustomizer> (0x0000000086bd4e68) 
thrown [./open/src/hotspot/share/classfile/systemDictionary.cpp, line 295]
Event: 5.226 Thread 0x000001c4d0ce5370 Exception <a 'java/lang/ClassNotFoundException'{0x0000000086be0220}: org/apache/http/conn/EofSensorInputStreamCustomizer> (0x0000000086be0220) 
thrown [./open/src/hotspot/share/classfile/systemDictionary.cpp, line 295]
Event: 5.420 Thread 0x000001c4d0ce5370 Exception <a 'java/lang/NoSuchMethodError'{0x0000000085fe5de8}: 'java.lang.Object java.lang.invoke.DirectMethodHandle$Holder.newInvokeSpecial(java.lang.Object, java.lang.Object, java.lang.Object, java.lang.Object, java.lang.Object)'> (0x0000000085fe5de8) 
thrown [./open/src/hotspot/share/interpreter/linkResolver.cpp, line 782]
Event: 5.496 Thread 0x000001c4d0ce5370 Exception <a 'java/lang/ClassCastException'{0x0000000085cbbb60}: class io.restassured.filter.time.TimingFilter cannot be cast to class groovy.lang.GroovyObject (io.restassured.filter.time.TimingFilter and groovy.lang.GroovyObject are in unnamed module of loader 'app')> (0x0000000085cbbb60) 
thrown [./open/src/hotspot/share/interpreter/interpreterRuntime.cpp, line 459]
Event: 793.033 Thread 0x000001c4ef83fe70 Exception <a 'java/lang/LinkageError'{0x0000000085800ce8}> (0x0000000085800ce8) 
thrown [./open/src/hotspot/share/oops/generateOopMap.cpp, line 2137]

Events (20 events):
Event: 793.017 Executing VM operation: ChangeBreakpoints
Event: 793.019 Executing VM operation: ChangeBreakpoints done
Event: 793.029 Executing VM operation: ChangeBreakpoints
Event: 793.031 Executing VM operation: ChangeBreakpoints done
Event: 793.032 Executing VM operation: GetFrameCount
Event: 793.032 Executing VM operation: GetFrameCount done
Event: 793.032 Executing VM operation: GetStackTrace
Event: 793.032 Executing VM operation: GetStackTrace done
Event: 793.033 Executing VM operation: GetFrameCount
Event: 793.033 Executing VM operation: GetFrameCount done
Event: 793.033 Executing VM operation: SetFramePop
Event: 793.033 Executing VM operation: SetFramePop done
Event: 793.033 Executing VM operation: GetFrameLocation
Event: 793.033 Executing VM operation: GetFrameLocation done
Event: 793.033 Executing VM operation: GetCurrentLocation
Event: 793.033 Executing VM operation: GetCurrentLocation done
Event: 793.033 Executing VM operation: ChangeSingleStep
Event: 793.033 Executing VM operation: ChangeSingleStep done
Event: 793.033 Executing VM operation: GetFrameLocation
Event: 793.033 Executing VM operation: GetFrameLocation done


Dynamic libraries:
0x00007ff6e6cd0000 - 0x00007ff6e6cdf000 	C:\Program Files\Java\jdk-15.0.2\bin\javaw.exe
0x00007fffd2910000 - 0x00007fffd2b06000 	C:\Windows\SYSTEM32\ntdll.dll
0x00007fffd1200000 - 0x00007fffd12bd000 	C:\Windows\System32\KERNEL32.DLL
0x00007fffd01d0000 - 0x00007fffd0499000 	C:\Windows\System32\KERNELBASE.dll
0x00007fffd0080000 - 0x00007fffd0180000 	C:\Windows\System32\ucrtbase.dll
0x00007fffc6f40000 - 0x00007fffc6f58000 	C:\Program Files\Java\jdk-15.0.2\bin\jli.dll
0x00007fffc70d0000 - 0x00007fffc70e9000 	C:\Program Files\Java\jdk-15.0.2\bin\VCRUNTIME140.dll
0x00007fffd1c00000 - 0x00007fffd1cac000 	C:\Windows\System32\ADVAPI32.dll
0x00007fffd23f0000 - 0x00007fffd248e000 	C:\Windows\System32\msvcrt.dll
0x00007fffd2830000 - 0x00007fffd28cc000 	C:\Windows\System32\sechost.dll
0x00007fffd2010000 - 0x00007fffd213b000 	C:\Windows\System32\RPCRT4.dll
0x00007fffd2490000 - 0x00007fffd2630000 	C:\Windows\System32\USER32.dll
0x00007fffd0050000 - 0x00007fffd0072000 	C:\Windows\System32\win32u.dll
0x00007fffb5720000 - 0x00007fffb59bb000 	C:\Windows\WinSxS\amd64_microsoft.windows.common-controls_6595b64144ccf1df_6.0.19041.746_none_ca02b4b61b8320a4\COMCTL32.dll
0x00007fffd1af0000 - 0x00007fffd1b1a000 	C:\Windows\System32\GDI32.dll
0x00007fffd05f0000 - 0x00007fffd06fb000 	C:\Windows\System32\gdi32full.dll
0x00007fffd0550000 - 0x00007fffd05ed000 	C:\Windows\System32\msvcp_win.dll
0x00007fffc52c0000 - 0x00007fffc52ca000 	C:\Windows\SYSTEM32\VERSION.dll
0x00007fffd2710000 - 0x00007fffd2740000 	C:\Windows\System32\IMM32.DLL
0x00007fffc7310000 - 0x00007fffc731c000 	C:\Program Files\Java\jdk-15.0.2\bin\vcruntime140_1.dll
0x00007fffb4670000 - 0x00007fffb4701000 	C:\Program Files\Java\jdk-15.0.2\bin\msvcp140.dll
0x00007fff6f9c0000 - 0x00007fff7051e000 	C:\Program Files\Java\jdk-15.0.2\bin\server\jvm.dll
0x00007fffd1a20000 - 0x00007fffd1a28000 	C:\Windows\System32\PSAPI.DLL
0x00007fffc6e00000 - 0x00007fffc6e09000 	C:\Windows\SYSTEM32\WSOCK32.dll
0x00007fffb7790000 - 0x00007fffb77b7000 	C:\Windows\SYSTEM32\WINMM.dll
0x00007fffd2740000 - 0x00007fffd27ab000 	C:\Windows\System32\WS2_32.dll
0x00007fffce930000 - 0x00007fffce942000 	C:\Windows\SYSTEM32\kernel.appcore.dll
0x00007fffc6f30000 - 0x00007fffc6f3a000 	C:\Program Files\Java\jdk-15.0.2\bin\jimage.dll
0x00007fffcad10000 - 0x00007fffcaef4000 	C:\Windows\SYSTEM32\DBGHELP.DLL
0x00007fffc3a60000 - 0x00007fffc3a8c000 	C:\Windows\SYSTEM32\dbgcore.DLL
0x00007fffd0730000 - 0x00007fffd07b0000 	C:\Windows\System32\bcryptPrimitives.dll
0x00007fffae9f0000 - 0x00007fffaea29000 	C:\Program Files\Java\jdk-15.0.2\bin\jdwp.dll
0x00007fffc6bc0000 - 0x00007fffc6be5000 	C:\Program Files\Java\jdk-15.0.2\bin\java.dll
0x00007fffd12c0000 - 0x00007fffd1a03000 	C:\Windows\System32\SHELL32.dll
0x00007fffce190000 - 0x00007fffce91f000 	C:\Windows\SYSTEM32\windows.storage.dll
0x00007fffd1cb0000 - 0x00007fffd2006000 	C:\Windows\System32\combase.dll
0x00007fffcfa40000 - 0x00007fffcfa6c000 	C:\Windows\SYSTEM32\Wldp.dll
0x00007fffd1a30000 - 0x00007fffd1ade000 	C:\Windows\System32\SHCORE.dll
0x00007fffd2650000 - 0x00007fffd26a5000 	C:\Windows\System32\shlwapi.dll
0x00007fffcff80000 - 0x00007fffcffa6000 	C:\Windows\SYSTEM32\profapi.dll
0x00007fffc2c60000 - 0x00007fffc2c6b000 	C:\Program Files\Java\jdk-15.0.2\bin\dt_socket.dll
0x00007fffcf450000 - 0x00007fffcf48b000 	C:\Windows\SYSTEM32\IPHLPAPI.DLL
0x00007fffcf7c0000 - 0x00007fffcf82a000 	C:\Windows\system32\mswsock.dll
0x00007fffcf490000 - 0x00007fffcf55b000 	C:\Windows\SYSTEM32\DNSAPI.dll
0x00007fffd1a10000 - 0x00007fffd1a18000 	C:\Windows\System32\NSI.dll
0x00007fffc53e0000 - 0x00007fffc53ea000 	C:\Windows\System32\rasadhlp.dll
0x00007fffc18a0000 - 0x00007fffc191f000 	C:\Windows\System32\fwpuclnt.dll
0x00007fffd0700000 - 0x00007fffd0727000 	C:\Windows\System32\bcrypt.dll
0x00007fffc6f10000 - 0x00007fffc6f29000 	C:\Program Files\Java\jdk-15.0.2\bin\net.dll
0x00007fffc7700000 - 0x00007fffc7800000 	C:\Windows\SYSTEM32\WINHTTP.dll
0x00007fffc4610000 - 0x00007fffc4622000 	C:\Program Files\Java\jdk-15.0.2\bin\nio.dll
0x00007fffc3c00000 - 0x00007fffc3c18000 	C:\Program Files\Java\jdk-15.0.2\bin\zip.dll
0x00007fffcf9a0000 - 0x00007fffcf9b8000 	C:\Windows\SYSTEM32\CRYPTSP.dll
0x00007fffcf100000 - 0x00007fffcf134000 	C:\Windows\system32\rsaenh.dll
0x00007fffcff40000 - 0x00007fffcff6e000 	C:\Windows\SYSTEM32\USERENV.dll
0x00007fffcf990000 - 0x00007fffcf99c000 	C:\Windows\SYSTEM32\CRYPTBASE.dll
0x00007fffc3640000 - 0x00007fffc3657000 	C:\Windows\SYSTEM32\dhcpcsvc6.DLL
0x00007fffc3b40000 - 0x00007fffc3b5d000 	C:\Windows\SYSTEM32\dhcpcsvc.DLL
0x00007fffc6e20000 - 0x00007fffc6e30000 	C:\Program Files\Java\jdk-15.0.2\bin\verify.dll
0x00007fffc6d40000 - 0x00007fffc6d4d000 	C:\Program Files\Java\jdk-15.0.2\bin\sunmscapi.dll
0x00007fffd07b0000 - 0x00007fffd0906000 	C:\Windows\System32\CRYPT32.dll
0x00007fffcfab0000 - 0x00007fffcfad7000 	C:\Windows\SYSTEM32\ncrypt.dll
0x00007fffcfa70000 - 0x00007fffcfaab000 	C:\Windows\SYSTEM32\NTASN1.dll

dbghelp: loaded successfully - version: 4.0.5 - missing functions: none
symbol engine: initialized successfully - sym options: 0x614 - pdb path: .;C:\Program Files\Java\jdk-15.0.2\bin;C:\Windows\SYSTEM32;C:\Windows\WinSxS\amd64_microsoft.windows.common-controls_6595b64144ccf1df_6.0.19041.746_none_ca02b4b61b8320a4;C:\Program Files\Java\jdk-15.0.2\bin\server

VM Arguments:
jvm_args: -XX:+ShowCodeDetailsInExceptionMessages -agentlib:jdwp=transport=dt_socket,suspend=y,address=localhost:61310 -ea -Dfile.encoding=Cp1252 
java_command: org.testng.remote.RemoteTestNG -serport 61309 -protocol json -d C:\Users\sindh\eclipse-workspace\APIFramework\test-output C:\Users\sindh\AppData\Local\Temp\testng-eclipse-280363524\testng-customsuite.xml
java_class_path (initial): C:\Users\sindh\eclipse\java-2020-12\eclipse\configuration\org.eclipse.osgi\441\0\.cp\lib\testng-remote.jar;C:\Users\sindh\eclipse-workspace\APIFramework\target\test-classes;C:\Users\sindh\eclipse-workspace\APIFramework\target\classes;C:\Users\sindh\.m2\repository\io\rest-assured\rest-assured\4.3.0\rest-assured-4.3.0.jar;C:\Users\sindh\.m2\repository\org\codehaus\groovy\groovy\3.0.2\groovy-3.0.2.jar;C:\Users\sindh\.m2\repository\org\codehaus\groovy\groovy-xml\3.0.2\groovy-xml-3.0.2.jar;C:\Users\sindh\.m2\repository\org\apache\httpcomponents\httpclient\4.5.3\httpclient-4.5.3.jar;C:\Users\sindh\.m2\repository\org\apache\httpcomponents\httpcore\4.4.6\httpcore-4.4.6.jar;C:\Users\sindh\.m2\repository\commons-logging\commons-logging\1.2\commons-logging-1.2.jar;C:\Users\sindh\.m2\repository\commons-codec\commons-codec\1.9\commons-codec-1.9.jar;C:\Users\sindh\.m2\repository\org\apache\httpcomponents\httpmime\4.5.3\httpmime-4.5.3.jar;C:\Users\sindh\.m2\repository\org\hamcrest\hamcrest\2.1\hamcrest-2.1.jar;C:\Users\sindh\.m2\repository\org\ccil\cowan\tagsoup\tagsoup\1.2.1\tagsoup-1.2.1.jar;C:\Users\sindh\.m2\repository\io\rest-assured\json-path\4.3.0\json-path-4.3.0.jar;C:\Users\sindh\.m2\repository\org\codehaus\groovy\groovy-json\3.0.2\groovy-json-3.0.2.jar;C:\Users\sindh\.m2\repository\io\rest-assured\rest-assured-common\4.3.0\rest-assured-common-4.3.0.jar;C:\Users\sindh\.m2\repository\io\rest-assured\xml-path\4.3.0\xml-path-4.3.0.jar;C:\Users\sindh\.m2\repository\org\apache\commons\commons-lang3\3.4\commons-lang3-3.4.jar;C:\Users\sindh\.m2\repository\jakarta\xml\bind\jakarta.xml.bind-api\2.3.2\jakarta.xml.bind-api-2.3.2.jar;C:\Users\sindh\.m2\repository\jakarta\activation\jakarta.activation-api\1.2.1\jakarta.activation-api-1.2.1.jar;C:\Users\sindh\.m2\repository\com\sun\xml\bind\jaxb-osgi\2.3.0.1\jaxb-osgi-2.3.0.1.jar;C:\Users\sindh\.m2\repository\org\apache\sling\org.apache.sling.javax.activation\0.1.0\org.apache.sling.javax.activation-0.1.0.ja
Launcher Type: SUN_STANDARD

[Global flags]
     intx CICompilerCount                          = 3                                         {product} {ergonomic}
     uint ConcGCThreads                            = 1                                         {product} {ergonomic}
     uint G1ConcRefinementThreads                  = 4                                         {product} {ergonomic}
   size_t G1HeapRegionSize                         = 1048576                                   {product} {ergonomic}
    uintx GCDrainStackTargetSize                   = 64                                        {product} {ergonomic}
   size_t InitialHeapSize                          = 132120576                                 {product} {ergonomic}
   size_t MarkStackSize                            = 4194304                                   {product} {ergonomic}
   size_t MaxHeapSize                              = 2084569088                                {product} {ergonomic}
   size_t MaxNewSize                               = 1249902592                                {product} {ergonomic}
   size_t MinHeapDeltaBytes                        = 1048576                                   {product} {ergonomic}
   size_t MinHeapSize                              = 8388608                                   {product} {ergonomic}
    uintx NonNMethodCodeHeapSize                   = 5832780                                {pd product} {ergonomic}
    uintx NonProfiledCodeHeapSize                  = 122912730                              {pd product} {ergonomic}
    uintx ProfiledCodeHeapSize                     = 122912730                              {pd product} {ergonomic}
    uintx ReservedCodeCacheSize                    = 251658240                              {pd product} {ergonomic}
     bool SegmentedCodeCache                       = true                                      {product} {ergonomic}
     bool ShowCodeDetailsInExceptionMessages       = true                                   {manageable} {command line}
   size_t SoftMaxHeapSize                          = 2084569088                             {manageable} {ergonomic}
     bool UseCompressedClassPointers               = true                                 {lp64_product} {ergonomic}
     bool UseCompressedOops                        = true                                 {lp64_product} {ergonomic}
     bool UseG1GC                                  = true                                      {product} {ergonomic}
     bool UseLargePagesIndividualAllocation        = false                                  {pd product} {ergonomic}

Logging:
Log output configuration:
 #0: stdout all=warning uptime,level,tags
 #1: stderr all=off uptime,level,tags

Environment Variables:
JAVA_HOME=C:\Program Files\Java\jdk-15.0.2
PATH=C:\Program Files\Common Files\Oracle\Java\javapath;C:\Windows\system32;C:\Windows;C:\Windows\System32\Wbem;C:\Windows\System32\WindowsPowerShell\v1.0\;C:\Windows\System32\OpenSSH\;C:\Program Files\dotnet\;C:\Program Files\Microsoft SQL Server\130\Tools\Binn\;C:\Program Files\Microsoft SQL Server\Client SDK\ODBC\170\Tools\Binn\;C:\Users\sindh\AppData\Local\Microsoft\WindowsApps;C:\Users\sindh\.dotnet\tools
USERNAME=sindh
OS=Windows_NT
PROCESSOR_IDENTIFIER=Intel64 Family 6 Model 126 Stepping 5, GenuineIntel



---------------  S Y S T E M  ---------------

OS:
 Windows 10 , 64 bit Build 19041 (10.0.19041.662)
OS uptime: 1 days 16:30 hours

CPU: total 4 (initial active 4) (2 cores per cpu, 2 threads per core) family 6 model 126 stepping 5 microcode 0x56, cmov, cx8, fxsr, mmx, sse, sse2, sse3, ssse3, sse4.1, sse4.2, popcnt, vzeroupper, avx, avx2, aes, clmul, erms, 3dnowpref, lzcnt, ht, tsc, tscinvbit, bmi1, bmi2, adx, avx512f, avx512dq, avx512cd, avx512bw, avx512vl, avx512_vpopcntdq, avx512_vpclmulqdq, avx512_vbmi, avx512_vbmi2, avx512_vaes, avx512_vnni, sha, fma, clflush, clflushopt

Memory: 4k page, system-wide physical 7946M (925M free)
TotalPageFile size 13716M (AvailPageFile size 2183M)
current process WorkingSet (physical memory assigned to process): 137M, peak: 210M
current process commit charge ("private bytes"): 184M, peak: 297M

vm_info: Java HotSpot(TM) 64-Bit Server VM (15.0.2+7-27) for windows-amd64 JRE (15.0.2+7-27), built on Dec  7 2020 20:07:01 by "mach5one" with unknown MS VC++:1925

END.
